<?xml version="1.0" encoding="UTF-8"?>
<testsuite xmlns:xsi="http://www.w3.org/2001/XMLSchema-instance" xsi:noNamespaceSchemaLocation="https://maven.apache.org/surefire/maven-surefire-plugin/xsd/surefire-test-report.xsd" version="3.0.2" name="com.eventledger.event_gateway.controller.EventControllerTests" time="3.979" tests="3" errors="0" skipped="0" failures="0" flakes="0">
  <properties>
[...]
</properties>
  <testcase name="shouldPropagateTraceHeaderToAccountService" classname="com.eventledger.event_gateway.controller.EventControllerTests" time="0.515">
    <system-out><![CDATA[2026-06-03T20:46:28.191Z  INFO 73295 --- [event-gateway] [           main] [                                                 ] t.c.s.AnnotationConfigContextLoaderUtils : Could not detect default configuration classes for test class [com.eventledger.event_gateway.controller.EventControllerTests]: EventControllerTests does not declare any static, non-private, non-final, nested classes annotated with @Configuration.
2026-06-03T20:46:28.208Z  INFO 73295 --- [event-gateway] [           main] [                                                 ] .b.t.c.SpringBootTestContextBootstrapper : Found @SpringBootConfiguration com.eventledger.event_gateway.EventGatewayApplication for test class com.eventledger.event_gateway.controller.EventControllerTests
2026-06-03T20:46:28.215Z  INFO 73295 --- [event-gateway] [           main] [                                                 ] t.c.s.AnnotationConfigContextLoaderUtils : Could not detect default configuration classes for test class [com.eventledger.event_gateway.controller.EventControllerTests]: EventControllerTests does not declare any static, non-private, non-final, nested classes annotated with @Configuration.
2026-06-03T20:46:28.224Z  INFO 73295 --- [event-gateway] [           main] [                                                 ] .b.t.c.SpringBootTestContextBootstrapper : Found @SpringBootConfiguration com.eventledger.event_gateway.EventGatewayApplication for test class com.eventledger.event_gateway.controller.EventControllerTests

  .   ____          _            __ _ _
 /\\ / ___'_ __ _ _(_)_ __  __ _ \ \ \ \
( ( )\___ | '_ | '_| | '_ \/ _` | \ \ \ \
 \\/  ___)| |_)| | | | | || (_| |  ) ) ) )
  '  |____| .__|_| |_|_| |_\__, | / / / /
 =========|_|==============|___/=/_/_/_/

 :: Spring Boot ::                (v4.0.6)

2026-06-03T20:46:28.341Z  INFO 73295 --- [event-gateway] [           main] [                                                 ] c.e.e.controller.EventControllerTests    : Starting EventControllerTests using Java 25.0.2 with PID 73295 (started by codespace in /workspaces/event-ledger-system/event-gateway)
2026-06-03T20:46:28.347Z  INFO 73295 --- [event-gateway] [           main] [                                                 ] c.e.e.controller.EventControllerTests    : No active profile set, falling back to 1 default profile: "default"
2026-06-03T20:46:28.969Z  INFO 73295 --- [event-gateway] [           main] [                                                 ] .s.d.r.c.RepositoryConfigurationDelegate : Bootstrapping Spring Data JPA repositories in DEFAULT mode.
2026-06-03T20:46:28.986Z  INFO 73295 --- [event-gateway] [           main] [                                                 ] .s.d.r.c.RepositoryConfigurationDelegate : Finished Spring Data repository scanning in 12 ms. Found 1 JPA repository interface.
2026-06-03T20:46:29.086Z  INFO 73295 --- [event-gateway] [           main] [                                                 ] o.s.cloud.context.scope.GenericScope     : BeanFactory id=acf137ae-05a6-33e8-97d7-c954b934be52
2026-06-03T20:46:29.266Z  INFO 73295 --- [event-gateway] [           main] [                                                 ] com.zaxxer.hikari.HikariDataSource       : HikariPool-2 - Starting...
2026-06-03T20:46:29.274Z  INFO 73295 --- [event-gateway] [           main] [                                                 ] com.zaxxer.hikari.pool.HikariPool        : HikariPool-2 - Added connection conn10: url=jdbc:h2:mem:31a83421-4501-476a-8770-b0593c031f01 user=SA
2026-06-03T20:46:29.274Z  INFO 73295 --- [event-gateway] [           main] [                                                 ] com.zaxxer.hikari.HikariDataSource       : HikariPool-2 - Start completed.
2026-06-03T20:46:29.540Z  INFO 73295 --- [event-gateway] [           main] [                                                 ] org.hibernate.orm.jpa                    : HHH008540: Processing PersistenceUnitInfo [name: default]
2026-06-03T20:46:29.579Z  INFO 73295 --- [event-gateway] [           main] [                                                 ] o.s.o.j.p.SpringPersistenceUnitInfo      : No LoadTimeWeaver setup: ignoring JPA class transformer
2026-06-03T20:46:29.582Z  INFO 73295 --- [event-gateway] [           main] [                                                 ] org.hibernate.orm.connections.pooling    : HHH10001005: Database info:
	Database JDBC URL [jdbc:h2:mem:31a83421-4501-476a-8770-b0593c031f01]
	Database driver: H2 JDBC Driver
	Database dialect: H2Dialect
	Database version: 2.4.240
	Default catalog/schema: 31A83421-4501-476A-8770-B0593C031F01/PUBLIC
	Autocommit mode: undefined/unknown
	Isolation level: READ_COMMITTED [default READ_COMMITTED]
	JDBC fetch size: 100
	Pool: DataSourceConnectionProvider
	Minimum pool size: undefined/unknown
	Maximum pool size: undefined/unknown
2026-06-03T20:46:29.631Z  INFO 73295 --- [event-gateway] [           main] [                                                 ] org.hibernate.orm.core                   : HHH000489: No JTA platform available (set 'hibernate.transaction.jta.platform' to enable JTA platform integration)
2026-06-03T20:46:29.647Z  INFO 73295 --- [event-gateway] [           main] [                                                 ] j.LocalContainerEntityManagerFactoryBean : Initialized JPA EntityManagerFactory for persistence unit 'default'
2026-06-03T20:46:30.526Z  WARN 73295 --- [event-gateway] [           main] [                                                 ] JpaBaseConfiguration$JpaWebConfiguration : spring.jpa.open-in-view is enabled by default. Therefore, database queries may be performed during view rendering. Explicitly configure spring.jpa.open-in-view to disable this warning
2026-06-03T20:46:31.486Z  INFO 73295 --- [event-gateway] [           main] [                                                 ] c.e.e.controller.EventControllerTests    : Started EventControllerTests in 3.241 seconds (process running for 15.921)
2026-06-03T20:46:31.520Z  INFO 73295 --- [event-gateway] [           main] [                                                 ] o.s.b.t.m.w.SpringBootMockServletContext : Initializing Spring TestDispatcherServlet ''
2026-06-03T20:46:31.520Z  INFO 73295 --- [event-gateway] [           main] [                                                 ] o.s.t.web.servlet.TestDispatcherServlet  : Initializing Servlet ''
2026-06-03T20:46:31.523Z  INFO 73295 --- [event-gateway] [           main] [                                                 ] o.s.t.web.servlet.TestDispatcherServlet  : Completed initialization in 1 ms
2026-06-03T20:46:31.694Z  INFO 73295 --- [event-gateway] [           main] [                                                 ] c.e.e.controller.EventController         : traceId=dcc12017-6e59-47f0-ae15-b20308be9363 Received event evt-1
]]></system-out>
  </testcase>
  <testcase name="shouldFallbackWhenAccountServiceIsUnavailableAndOpenCircuit" classname="com.eventledger.event_gateway.controller.EventControllerTests" time="0.115">
    <system-out><![CDATA[2026-06-03T20:46:32.014Z  INFO 73295 --- [event-gateway] [           main] [                                                 ] o.s.b.t.m.w.SpringBootMockServletContext : Initializing Spring TestDispatcherServlet ''
2026-06-03T20:46:32.016Z  INFO 73295 --- [event-gateway] [           main] [                                                 ] o.s.t.web.servlet.TestDispatcherServlet  : Initializing Servlet ''
2026-06-03T20:46:32.018Z  INFO 73295 --- [event-gateway] [           main] [                                                 ] o.s.t.web.servlet.TestDispatcherServlet  : Completed initialization in 1 ms
2026-06-03T20:46:32.021Z  INFO 73295 --- [event-gateway] [           main] [                                                 ] c.e.e.controller.EventController         : traceId=33db01a2-dabb-4f3a-be63-a2898252900e Received event evt-2
2026-06-03T20:46:32.040Z ERROR 73295 --- [event-gateway] [           main] [                                                 ] c.e.e.controller.EventController         : Account Service unavailable, traceId=531fea57-73fb-4990-965c-2df09f3a4421, error=500 Internal Server Error on POST request for "http://account-service:8081/accounts/acct-1/transactions": [no body]
2026-06-03T20:46:32.048Z  INFO 73295 --- [event-gateway] [           main] [                                                 ] c.e.e.controller.EventController         : traceId=52aaab53-0958-4b52-8717-1d48764a36ea Received event evt-2
2026-06-03T20:46:32.063Z ERROR 73295 --- [event-gateway] [           main] [                                                 ] c.e.e.controller.EventController         : Account Service unavailable, traceId=9473beae-edef-4346-99c0-70030a84b71b, error=500 Internal Server Error on POST request for "http://account-service:8081/accounts/acct-1/transactions": [no body]
2026-06-03T20:46:32.069Z ERROR 73295 --- [event-gateway] [           main] [                                                 ] c.e.e.controller.EventController         : Account Service unavailable, traceId=ff92244f-7f46-462b-ac71-35003f3c6ff5, error=CircuitBreaker 'accountService' is OPEN and does not permit further calls
]]></system-out>
  </testcase>
  <testcase name="shouldRejectInvalidEventPayload" classname="com.eventledger.event_gateway.controller.EventControllerTests" time="0.032">
    <system-out><![CDATA[2026-06-03T20:46:32.135Z  INFO 73295 --- [event-gateway] [           main] [                                                 ] o.s.b.t.m.w.SpringBootMockServletContext : Initializing Spring TestDispatcherServlet ''
2026-06-03T20:46:32.135Z  INFO 73295 --- [event-gateway] [           main] [                                                 ] o.s.t.web.servlet.TestDispatcherServlet  : Initializing Servlet ''
2026-06-03T20:46:32.138Z  INFO 73295 --- [event-gateway] [           main] [                                                 ] o.s.t.web.servlet.TestDispatcherServlet  : Completed initialization in 3 ms
2026-06-03T20:46:32.159Z  WARN 73295 --- [event-gateway] [           main] [                                                 ] .w.s.m.s.DefaultHandlerExceptionResolver : Resolved [org.springframework.web.bind.MethodArgumentNotValidException: Validation failed for argument [0] in public org.springframework.http.ResponseEntity<com.eventledger.event_gateway.entity.Event> com.eventledger.event_gateway.controller.EventController.createEvent(com.eventledger.event_gateway.entity.Event) with 2 errors: [Field error in object 'event' on field 'currency': rejected value [null]; codes [NotBlank.event.currency,NotBlank.currency,NotBlank.java.lang.String,NotBlank]; arguments [org.springframework.context.support.DefaultMessageSourceResolvable: codes [event.currency,currency]; arguments []; default message [currency]]; default message [must not be blank]] [Field error in object 'event' on field 'amount': rejected value [0.0]; codes [DecimalMin.event.amount,DecimalMin.amount,DecimalMin.double,DecimalMin]; arguments [org.springframework.context.support.DefaultMessageSourceResolvable: codes [event.amount,amount]; arguments []; default message [amount],true,0.01]; default message [Amount must be greater than 0]] ]
]]></system-out>
  </testcase>
</testsuite>